<?xml version="1.0" encoding="UTF-8"?>
<!-- Generated by org.testng.reporters.JUnitXMLReporter -->
<testsuite hostname="LAPTOP-EE6J4Q32" name="Test5" tests="2" failures="1" timestamp="20 Oct 2020 18:16:52 GMT" time="142.78" errors="0">
  <testcase name="customersurvey" time="5.722" classname="test.TakeOurSurvey_Test"/>
  <testcase name="takeoursurvey" time="62.576" classname="test.TakeOurSurvey_Test">
    <failure type="org.openqa.selenium.TimeoutException" message="Expected condition failed: waiting for element to be clickable: [[EdgeDriver: msedge on WINDOWS (f02b5e65fd24724fb7e5268f3e2ab660)] -&amp;gt; xpath: //a[text()=&amp;apos;Support&amp;apos;]/following-sibling::ul/li[4]/a[text()=&amp;apos;Take our Survey&amp;apos;]] (tried for 60 second(s) with 500 milliseconds interval)
Build info: version: &amp;apos;3.141.59&amp;apos;, revision: &amp;apos;e82be7d358&amp;apos;, time: &amp;apos;2018-11-14T08:17:03&amp;apos;
System info: host: &amp;apos;LAPTOP-EE6J4Q32&amp;apos;, ip: &amp;apos;192.168.0.101&amp;apos;, os.name: &amp;apos;Windows 10&amp;apos;, os.arch: &amp;apos;amd64&amp;apos;, os.version: &amp;apos;10.0&amp;apos;, java.version: &amp;apos;1.8.0_251&amp;apos;
Driver info: org.openqa.selenium.edge.EdgeDriver
Capabilities {acceptInsecureCerts: false, browserName: msedge, browserVersion: 86.0.622.43, javascriptEnabled: true, ms:edgeOptions: {debuggerAddress: localhost:52516}, msedge: {msedgedriverVersion: 85.0.564.51 (626274a16bb350..., userDataDir: C:\Users\Priyanka\AppData\L...}, networkConnectionEnabled: false, pageLoadStrategy: normal, platform: WINDOWS, platformName: WINDOWS, proxy: Proxy(), setWindowRect: true, strictFileInteractability: false, timeouts: {implicit: 0, pageLoad: 300000, script: 30000}, unhandledPromptBehavior: dismiss and notify, webauthn:virtualAuthenticators: true}
Session ID: f02b5e65fd24724fb7e5268f3e2ab660">
      <![CDATA[org.openqa.selenium.TimeoutException: Expected condition failed: waiting for element to be clickable: [[EdgeDriver: msedge on WINDOWS (f02b5e65fd24724fb7e5268f3e2ab660)] -> xpath: //a[text()='Support']/following-sibling::ul/li[4]/a[text()='Take our Survey']] (tried for 60 second(s) with 500 milliseconds interval)
Build info: version: '3.141.59', revision: 'e82be7d358', time: '2018-11-14T08:17:03'
System info: host: 'LAPTOP-EE6J4Q32', ip: '192.168.0.101', os.name: 'Windows 10', os.arch: 'amd64', os.version: '10.0', java.version: '1.8.0_251'
Driver info: org.openqa.selenium.edge.EdgeDriver
Capabilities {acceptInsecureCerts: false, browserName: msedge, browserVersion: 86.0.622.43, javascriptEnabled: true, ms:edgeOptions: {debuggerAddress: localhost:52516}, msedge: {msedgedriverVersion: 85.0.564.51 (626274a16bb350..., userDataDir: C:\Users\Priyanka\AppData\L...}, networkConnectionEnabled: false, pageLoadStrategy: normal, platform: WINDOWS, platformName: WINDOWS, proxy: Proxy(), setWindowRect: true, strictFileInteractability: false, timeouts: {implicit: 0, pageLoad: 300000, script: 30000}, unhandledPromptBehavior: dismiss and notify, webauthn:virtualAuthenticators: true}
Session ID: f02b5e65fd24724fb7e5268f3e2ab660
	at org.openqa.selenium.support.ui.WebDriverWait.timeoutException(WebDriverWait.java:95)
	at org.openqa.selenium.support.ui.FluentWait.until(FluentWait.java:272)
	at utilities.Waits.explicitWait(Waits.java:12)
	at test.TakeOurSurvey_Test.takeoursurvey(TakeOurSurvey_Test.java:25)
	at java.util.concurrent.ThreadPoolExecutor.runWorker(ThreadPoolExecutor.java:1149)
	at java.util.concurrent.ThreadPoolExecutor$Worker.run(ThreadPoolExecutor.java:624)
	at java.lang.Thread.run(Thread.java:748)
... Removed 10 stack frames]]>
    </failure>
  </testcase> <!-- takeoursurvey -->
</testsuite> <!-- Test5 -->
