<?xml version="1.0" encoding="UTF-8"?>
<testng-results skipped="0" failed="2" total="5" passed="3">
  <reporter-output>
  </reporter-output>
  <suite name="Suite" duration-ms="254301" started-at="2020-10-21T18:11:13Z" finished-at="2020-10-21T18:15:28Z">
    <groups>
    </groups>
    <test name="Test1" duration-ms="210085" started-at="2020-10-21T18:11:13Z" finished-at="2020-10-21T18:14:43Z">
      <class name="test.AboutPresto_Test">
        <test-method status="PASS" signature="startTest()[pri:0, instance:test.AboutPresto_Test@3b938003]" name="startTest" is-config="true" duration-ms="152" started-at="2020-10-21T23:41:13Z" finished-at="2020-10-21T23:41:13Z">
          <reporter-output>
          </reporter-output>
        </test-method> <!-- startTest -->
        <test-method status="PASS" signature="setUp(java.lang.String)[pri:0, instance:test.AboutPresto_Test@3b938003]" name="setUp" is-config="true" duration-ms="16911" started-at="2020-10-21T23:41:13Z" finished-at="2020-10-21T23:41:30Z">
          <params>
            <param index="0">
              <value>
                <![CDATA[chrome]]>
              </value>
            </param>
          </params>
          <reporter-output>
          </reporter-output>
        </test-method> <!-- setUp -->
        <test-method status="PASS" signature="faq()[pri:0, instance:test.AboutPresto_Test@3b938003]" name="faq" duration-ms="3497" started-at="2020-10-21T23:41:30Z" finished-at="2020-10-21T23:41:34Z">
          <reporter-output>
          </reporter-output>
        </test-method> <!-- faq -->
        <test-method status="PASS" signature="getresult(org.testng.ITestResult)[pri:0, instance:test.AboutPresto_Test@3b938003]" name="getresult" is-config="true" duration-ms="11" started-at="2020-10-21T23:41:34Z" finished-at="2020-10-21T23:41:34Z">
          <params>
            <param index="0">
              <value>
                <![CDATA[[TestResult name=faq status=SUCCESS method=AboutPresto_Test.faq()[pri:0, instance:test.AboutPresto_Test@3b938003] output={null}]]]>
              </value>
            </param>
          </params>
          <reporter-output>
          </reporter-output>
        </test-method> <!-- getresult -->
        <test-method status="PASS" signature="tearDown()[pri:0, instance:test.AboutPresto_Test@3b938003]" name="tearDown" is-config="true" duration-ms="801" started-at="2020-10-21T23:41:34Z" finished-at="2020-10-21T23:41:35Z">
          <reporter-output>
          </reporter-output>
        </test-method> <!-- tearDown -->
        <test-method status="PASS" signature="setUp(java.lang.String)[pri:0, instance:test.AboutPresto_Test@3b938003]" name="setUp" is-config="true" duration-ms="16347" started-at="2020-10-21T23:41:35Z" finished-at="2020-10-21T23:41:51Z">
          <params>
            <param index="0">
              <value>
                <![CDATA[chrome]]>
              </value>
            </param>
          </params>
          <reporter-output>
          </reporter-output>
        </test-method> <!-- setUp -->
        <test-method status="FAIL" signature="getAPrestoCard()[pri:0, instance:test.AboutPresto_Test@3b938003]" name="getAPrestoCard" duration-ms="62674" started-at="2020-10-21T23:41:51Z" finished-at="2020-10-21T23:42:54Z">
          <exception class="org.openqa.selenium.TimeoutException">
            <message>
              <![CDATA[Expected condition failed: waiting for element to be clickable: [[ChromeDriver: chrome on WINDOWS (a6193fe3d51b70bb93f8419e09440251)] -> xpath: //li[@role='menuitem']/a[text()='Get a Card']] (tried for 60 second(s) with 500 milliseconds interval)
Build info: version: '3.141.59', revision: 'e82be7d358', time: '2018-11-14T08:17:03'
System info: host: 'LAPTOP-EE6J4Q32', ip: '192.168.0.101', os.name: 'Windows 10', os.arch: 'amd64', os.version: '10.0', java.version: '1.8.0_251'
Driver info: org.openqa.selenium.chrome.ChromeDriver
Capabilities {acceptInsecureCerts: false, browserName: chrome, browserVersion: 86.0.4240.111, chrome: {chromedriverVersion: 85.0.4183.87 (cd6713ebf92fa..., userDataDir: C:\Users\Priyanka\AppData\L...}, goog:chromeOptions: {debuggerAddress: localhost:49540}, javascriptEnabled: true, networkConnectionEnabled: false, pageLoadStrategy: normal, platform: WINDOWS, platformName: WINDOWS, proxy: Proxy(), setWindowRect: true, strictFileInteractability: false, timeouts: {implicit: 0, pageLoad: 300000, script: 30000}, unhandledPromptBehavior: dismiss and notify, webauthn:virtualAuthenticators: true}
Session ID: a6193fe3d51b70bb93f8419e09440251]]>
            </message>
            <full-stacktrace>
              <![CDATA[org.openqa.selenium.TimeoutException: Expected condition failed: waiting for element to be clickable: [[ChromeDriver: chrome on WINDOWS (a6193fe3d51b70bb93f8419e09440251)] -> xpath: //li[@role='menuitem']/a[text()='Get a Card']] (tried for 60 second(s) with 500 milliseconds interval)
Build info: version: '3.141.59', revision: 'e82be7d358', time: '2018-11-14T08:17:03'
System info: host: 'LAPTOP-EE6J4Q32', ip: '192.168.0.101', os.name: 'Windows 10', os.arch: 'amd64', os.version: '10.0', java.version: '1.8.0_251'
Driver info: org.openqa.selenium.chrome.ChromeDriver
Capabilities {acceptInsecureCerts: false, browserName: chrome, browserVersion: 86.0.4240.111, chrome: {chromedriverVersion: 85.0.4183.87 (cd6713ebf92fa..., userDataDir: C:\Users\Priyanka\AppData\L...}, goog:chromeOptions: {debuggerAddress: localhost:49540}, javascriptEnabled: true, networkConnectionEnabled: false, pageLoadStrategy: normal, platform: WINDOWS, platformName: WINDOWS, proxy: Proxy(), setWindowRect: true, strictFileInteractability: false, timeouts: {implicit: 0, pageLoad: 300000, script: 30000}, unhandledPromptBehavior: dismiss and notify, webauthn:virtualAuthenticators: true}
Session ID: a6193fe3d51b70bb93f8419e09440251
	at org.openqa.selenium.support.ui.WebDriverWait.timeoutException(WebDriverWait.java:95)
	at org.openqa.selenium.support.ui.FluentWait.until(FluentWait.java:272)
	at utilities.Waits.explicitWait(Waits.java:12)
	at test.AboutPresto_Test.getAPrestoCard(AboutPresto_Test.java:21)
	at sun.reflect.NativeMethodAccessorImpl.invoke0(Native Method)
	at sun.reflect.NativeMethodAccessorImpl.invoke(NativeMethodAccessorImpl.java:62)
	at sun.reflect.DelegatingMethodAccessorImpl.invoke(DelegatingMethodAccessorImpl.java:43)
	at java.lang.reflect.Method.invoke(Method.java:498)
	at org.testng.internal.MethodInvocationHelper.invokeMethod(MethodInvocationHelper.java:86)
	at org.testng.internal.Invoker.invokeMethod(Invoker.java:643)
	at org.testng.internal.Invoker.invokeTestMethod(Invoker.java:820)
	at org.testng.internal.Invoker.invokeTestMethods(Invoker.java:1128)
	at org.testng.internal.TestMethodWorker.invokeTestMethods(TestMethodWorker.java:129)
	at org.testng.internal.TestMethodWorker.run(TestMethodWorker.java:112)
	at java.util.concurrent.ThreadPoolExecutor.runWorker(ThreadPoolExecutor.java:1149)
	at java.util.concurrent.ThreadPoolExecutor$Worker.run(ThreadPoolExecutor.java:624)
	at java.lang.Thread.run(Thread.java:748)
]]>
            </full-stacktrace>
          </exception> <!-- org.openqa.selenium.TimeoutException -->
          <reporter-output>
          </reporter-output>
        </test-method> <!-- getAPrestoCard -->
        <test-method status="PASS" signature="getresult(org.testng.ITestResult)[pri:0, instance:test.AboutPresto_Test@3b938003]" name="getresult" is-config="true" duration-ms="398" started-at="2020-10-21T23:42:54Z" finished-at="2020-10-21T23:42:54Z">
          <params>
            <param index="0">
              <value>
                <![CDATA[[TestResult name=getAPrestoCard status=FAILURE method=AboutPresto_Test.getAPrestoCard()[pri:0, instance:test.AboutPresto_Test@3b938003] output={null}]]]>
              </value>
            </param>
          </params>
          <reporter-output>
          </reporter-output>
        </test-method> <!-- getresult -->
        <test-method status="PASS" signature="tearDown()[pri:0, instance:test.AboutPresto_Test@3b938003]" name="tearDown" is-config="true" duration-ms="744" started-at="2020-10-21T23:42:54Z" finished-at="2020-10-21T23:42:55Z">
          <reporter-output>
          </reporter-output>
        </test-method> <!-- tearDown -->
        <test-method status="PASS" signature="setUp(java.lang.String)[pri:0, instance:test.AboutPresto_Test@3b938003]" name="setUp" is-config="true" duration-ms="18272" started-at="2020-10-21T23:42:55Z" finished-at="2020-10-21T23:43:13Z">
          <params>
            <param index="0">
              <value>
                <![CDATA[chrome]]>
              </value>
            </param>
          </params>
          <reporter-output>
          </reporter-output>
        </test-method> <!-- setUp -->
        <test-method status="FAIL" signature="loadingYourCard()[pri:0, instance:test.AboutPresto_Test@3b938003]" name="loadingYourCard" duration-ms="61867" started-at="2020-10-21T23:43:13Z" finished-at="2020-10-21T23:44:15Z">
          <exception class="org.openqa.selenium.TimeoutException">
            <message>
              <![CDATA[Expected condition failed: waiting for element to be clickable: [[ChromeDriver: chrome on WINDOWS (54eac378cedeb9b2b6043cdc85dcc952)] -> xpath: //ul[@class='nav navbar-nav nav-left']/li[2]/ul/li[2]/a[text()='Load a Card']] (tried for 60 second(s) with 500 milliseconds interval)
Build info: version: '3.141.59', revision: 'e82be7d358', time: '2018-11-14T08:17:03'
System info: host: 'LAPTOP-EE6J4Q32', ip: '192.168.0.101', os.name: 'Windows 10', os.arch: 'amd64', os.version: '10.0', java.version: '1.8.0_251'
Driver info: org.openqa.selenium.chrome.ChromeDriver
Capabilities {acceptInsecureCerts: false, browserName: chrome, browserVersion: 86.0.4240.111, chrome: {chromedriverVersion: 85.0.4183.87 (cd6713ebf92fa..., userDataDir: C:\Users\Priyanka\AppData\L...}, goog:chromeOptions: {debuggerAddress: localhost:49752}, javascriptEnabled: true, networkConnectionEnabled: false, pageLoadStrategy: normal, platform: WINDOWS, platformName: WINDOWS, proxy: Proxy(), setWindowRect: true, strictFileInteractability: false, timeouts: {implicit: 0, pageLoad: 300000, script: 30000}, unhandledPromptBehavior: dismiss and notify, webauthn:virtualAuthenticators: true}
Session ID: 54eac378cedeb9b2b6043cdc85dcc952]]>
            </message>
            <full-stacktrace>
              <![CDATA[org.openqa.selenium.TimeoutException: Expected condition failed: waiting for element to be clickable: [[ChromeDriver: chrome on WINDOWS (54eac378cedeb9b2b6043cdc85dcc952)] -> xpath: //ul[@class='nav navbar-nav nav-left']/li[2]/ul/li[2]/a[text()='Load a Card']] (tried for 60 second(s) with 500 milliseconds interval)
Build info: version: '3.141.59', revision: 'e82be7d358', time: '2018-11-14T08:17:03'
System info: host: 'LAPTOP-EE6J4Q32', ip: '192.168.0.101', os.name: 'Windows 10', os.arch: 'amd64', os.version: '10.0', java.version: '1.8.0_251'
Driver info: org.openqa.selenium.chrome.ChromeDriver
Capabilities {acceptInsecureCerts: false, browserName: chrome, browserVersion: 86.0.4240.111, chrome: {chromedriverVersion: 85.0.4183.87 (cd6713ebf92fa..., userDataDir: C:\Users\Priyanka\AppData\L...}, goog:chromeOptions: {debuggerAddress: localhost:49752}, javascriptEnabled: true, networkConnectionEnabled: false, pageLoadStrategy: normal, platform: WINDOWS, platformName: WINDOWS, proxy: Proxy(), setWindowRect: true, strictFileInteractability: false, timeouts: {implicit: 0, pageLoad: 300000, script: 30000}, unhandledPromptBehavior: dismiss and notify, webauthn:virtualAuthenticators: true}
Session ID: 54eac378cedeb9b2b6043cdc85dcc952
	at org.openqa.selenium.support.ui.WebDriverWait.timeoutException(WebDriverWait.java:95)
	at org.openqa.selenium.support.ui.FluentWait.until(FluentWait.java:272)
	at utilities.Waits.explicitWait(Waits.java:12)
	at test.AboutPresto_Test.loadingYourCard(AboutPresto_Test.java:35)
	at sun.reflect.NativeMethodAccessorImpl.invoke0(Native Method)
	at sun.reflect.NativeMethodAccessorImpl.invoke(NativeMethodAccessorImpl.java:62)
	at sun.reflect.DelegatingMethodAccessorImpl.invoke(DelegatingMethodAccessorImpl.java:43)
	at java.lang.reflect.Method.invoke(Method.java:498)
	at org.testng.internal.MethodInvocationHelper.invokeMethod(MethodInvocationHelper.java:86)
	at org.testng.internal.Invoker.invokeMethod(Invoker.java:643)
	at org.testng.internal.Invoker.invokeTestMethod(Invoker.java:820)
	at org.testng.internal.Invoker.invokeTestMethods(Invoker.java:1128)
	at org.testng.internal.TestMethodWorker.invokeTestMethods(TestMethodWorker.java:129)
	at org.testng.internal.TestMethodWorker.run(TestMethodWorker.java:112)
	at java.util.concurrent.ThreadPoolExecutor.runWorker(ThreadPoolExecutor.java:1149)
	at java.util.concurrent.ThreadPoolExecutor$Worker.run(ThreadPoolExecutor.java:624)
	at java.lang.Thread.run(Thread.java:748)
]]>
            </full-stacktrace>
          </exception> <!-- org.openqa.selenium.TimeoutException -->
          <reporter-output>
          </reporter-output>
        </test-method> <!-- loadingYourCard -->
        <test-method status="PASS" signature="getresult(org.testng.ITestResult)[pri:0, instance:test.AboutPresto_Test@3b938003]" name="getresult" is-config="true" duration-ms="400" started-at="2020-10-21T23:44:15Z" finished-at="2020-10-21T23:44:15Z">
          <params>
            <param index="0">
              <value>
                <![CDATA[[TestResult name=loadingYourCard status=FAILURE method=AboutPresto_Test.loadingYourCard()[pri:0, instance:test.AboutPresto_Test@3b938003] output={null}]]]>
              </value>
            </param>
          </params>
          <reporter-output>
          </reporter-output>
        </test-method> <!-- getresult -->
        <test-method status="PASS" signature="tearDown()[pri:0, instance:test.AboutPresto_Test@3b938003]" name="tearDown" is-config="true" duration-ms="770" started-at="2020-10-21T23:44:15Z" finished-at="2020-10-21T23:44:16Z">
          <reporter-output>
          </reporter-output>
        </test-method> <!-- tearDown -->
        <test-method status="PASS" signature="setUp(java.lang.String)[pri:0, instance:test.AboutPresto_Test@3b938003]" name="setUp" is-config="true" duration-ms="23082" started-at="2020-10-21T23:44:16Z" finished-at="2020-10-21T23:44:39Z">
          <params>
            <param index="0">
              <value>
                <![CDATA[chrome]]>
              </value>
            </param>
          </params>
          <reporter-output>
          </reporter-output>
        </test-method> <!-- setUp -->
        <test-method status="PASS" signature="lostordamagedcard()[pri:0, instance:test.AboutPresto_Test@3b938003]" name="lostordamagedcard" duration-ms="2933" started-at="2020-10-21T23:44:39Z" finished-at="2020-10-21T23:44:42Z">
          <reporter-output>
          </reporter-output>
        </test-method> <!-- lostordamagedcard -->
        <test-method status="PASS" signature="getresult(org.testng.ITestResult)[pri:0, instance:test.AboutPresto_Test@3b938003]" name="getresult" is-config="true" duration-ms="1" started-at="2020-10-21T23:44:42Z" finished-at="2020-10-21T23:44:42Z">
          <params>
            <param index="0">
              <value>
                <![CDATA[[TestResult name=lostordamagedcard status=SUCCESS method=AboutPresto_Test.lostordamagedcard()[pri:0, instance:test.AboutPresto_Test@3b938003] output={null}]]]>
              </value>
            </param>
          </params>
          <reporter-output>
          </reporter-output>
        </test-method> <!-- getresult -->
        <test-method status="PASS" signature="tearDown()[pri:0, instance:test.AboutPresto_Test@3b938003]" name="tearDown" is-config="true" duration-ms="774" started-at="2020-10-21T23:44:42Z" finished-at="2020-10-21T23:44:43Z">
          <reporter-output>
          </reporter-output>
        </test-method> <!-- tearDown -->
        <test-method status="PASS" signature="endTest()[pri:0, instance:test.AboutPresto_Test@3b938003]" name="endTest" is-config="true" duration-ms="374" started-at="2020-10-21T23:44:43Z" finished-at="2020-10-21T23:44:43Z">
          <reporter-output>
          </reporter-output>
        </test-method> <!-- endTest -->
      </class> <!-- test.AboutPresto_Test -->
    </test> <!-- Test1 -->
    <test name="Test4" duration-ms="44196" started-at="2020-10-21T18:14:43Z" finished-at="2020-10-21T18:15:28Z">
      <class name="test.SignIn_Test">
        <test-method status="PASS" signature="startTest()[pri:0, instance:test.SignIn_Test@60611244]" name="startTest" is-config="true" duration-ms="2" started-at="2020-10-21T23:44:43Z" finished-at="2020-10-21T23:44:43Z">
          <reporter-output>
          </reporter-output>
        </test-method> <!-- startTest -->
        <test-method status="PASS" signature="setUp(java.lang.String)[pri:0, instance:test.SignIn_Test@60611244]" name="setUp" is-config="true" duration-ms="43274" started-at="2020-10-21T23:44:43Z" finished-at="2020-10-21T23:45:27Z">
          <params>
            <param index="0">
              <value>
                <![CDATA[edge]]>
              </value>
            </param>
          </params>
          <reporter-output>
          </reporter-output>
        </test-method> <!-- setUp -->
        <test-method status="PASS" signature="signup()[pri:0, instance:test.SignIn_Test@60611244]" name="signup" duration-ms="37" started-at="2020-10-21T23:45:27Z" finished-at="2020-10-21T23:45:27Z">
          <reporter-output>
          </reporter-output>
        </test-method> <!-- signup -->
        <test-method status="PASS" signature="getresult(org.testng.ITestResult)[pri:0, instance:test.SignIn_Test@60611244]" name="getresult" is-config="true" duration-ms="2" started-at="2020-10-21T23:45:27Z" finished-at="2020-10-21T23:45:27Z">
          <params>
            <param index="0">
              <value>
                <![CDATA[[TestResult name=signup status=SUCCESS method=SignIn_Test.signup()[pri:0, instance:test.SignIn_Test@60611244] output={null}]]]>
              </value>
            </param>
          </params>
          <reporter-output>
          </reporter-output>
        </test-method> <!-- getresult -->
        <test-method status="PASS" signature="tearDown()[pri:0, instance:test.SignIn_Test@60611244]" name="tearDown" is-config="true" duration-ms="878" started-at="2020-10-21T23:45:27Z" finished-at="2020-10-21T23:45:28Z">
          <reporter-output>
          </reporter-output>
        </test-method> <!-- tearDown -->
        <test-method status="PASS" signature="endTest()[pri:0, instance:test.SignIn_Test@60611244]" name="endTest" is-config="true" duration-ms="0" started-at="2020-10-21T23:45:28Z" finished-at="2020-10-21T23:45:28Z">
          <reporter-output>
          </reporter-output>
        </test-method> <!-- endTest -->
      </class> <!-- test.SignIn_Test -->
    </test> <!-- Test4 -->
  </suite> <!-- Suite -->
</testng-results>
